<?xml version="1.0" encoding="UTF-8"?>
<testng-results skipped="0" failed="0" ignored="0" total="1" passed="1">
  <reporter-output>
  </reporter-output>
  <suite name="Default suite" duration-ms="9397" started-at="2021-09-27T06:34:07Z" finished-at="2021-09-27T06:34:16Z">
    <groups>
    </groups>
    <test name="Default test" duration-ms="9397" started-at="2021-09-27T06:34:07Z" finished-at="2021-09-27T06:34:16Z">
      <class name="loginTests.UdemyTest">
        <test-method status="PASS" signature="beforeTest()[pri:0, instance:loginTests.UdemyTest@3c9d0b9d]" name="beforeTest" is-config="true" duration-ms="2380" started-at="2021-09-27T06:34:07Z" finished-at="2021-09-27T06:34:09Z">
          <reporter-output>
          </reporter-output>
        </test-method> <!-- beforeTest -->
        <test-method status="PASS" signature="f()[pri:0, instance:loginTests.UdemyTest@3c9d0b9d]" name="f" duration-ms="3038" started-at="2021-09-27T06:34:09Z" finished-at="2021-09-27T06:34:13Z">
          <reporter-output>
          </reporter-output>
        </test-method> <!-- f -->
        <test-method status="PASS" signature="afterTest()[pri:0, instance:loginTests.UdemyTest@3c9d0b9d]" name="afterTest" is-config="true" duration-ms="3918" started-at="2021-09-27T06:34:13Z" finished-at="2021-09-27T06:34:16Z">
          <reporter-output>
          </reporter-output>
        </test-method> <!-- afterTest -->
      </class> <!-- loginTests.UdemyTest -->
    </test> <!-- Default test -->
  </suite> <!-- Default suite -->
</testng-results>
